  [1m[36m (7.1ms)[0m  [1mCREATE TABLE "schema_migrations" ("version" varchar NOT NULL) [0m
  [1m[35m (0.1ms)[0m  select sqlite_version(*)
  [1m[36m (7.2ms)[0m  [1mCREATE UNIQUE INDEX "unique_schema_migrations" ON "schema_migrations" ("version")[0m
  [1m[35mActiveRecord::SchemaMigration Load (0.2ms)[0m  SELECT "schema_migrations".* FROM "schema_migrations"
Migrating to CreateLists (20160310040747)
  [1m[36m (0.0ms)[0m  [1mbegin transaction[0m
  [1m[35m (0.2ms)[0m  CREATE TABLE "lists" ("id" INTEGER PRIMARY KEY AUTOINCREMENT NOT NULL, "name" varchar, "created_at" datetime NOT NULL, "updated_at" datetime NOT NULL) 
  [1m[36mSQL (0.1ms)[0m  [1mINSERT INTO "schema_migrations" ("version") VALUES (?)[0m  [["version", "20160310040747"]]
  [1m[35m (10.3ms)[0m  commit transaction
Migrating to CreateItems (20160311012237)
  [1m[36m (0.3ms)[0m  [1mbegin transaction[0m
  [1m[35m (0.6ms)[0m  CREATE TABLE "items" ("id" INTEGER PRIMARY KEY AUTOINCREMENT NOT NULL, "description" varchar, "list_id" integer, "created_at" datetime NOT NULL, "updated_at" datetime NOT NULL) 
  [1m[36mSQL (0.2ms)[0m  [1mINSERT INTO "schema_migrations" ("version") VALUES (?)[0m  [["version", "20160311012237"]]
  [1m[35m (13.7ms)[0m  commit transaction
Migrating to AddStatusToItems (20160313004948)
  [1m[36m (0.2ms)[0m  [1mbegin transaction[0m
  [1m[35m (0.7ms)[0m  ALTER TABLE "items" ADD "status" integer DEFAULT 0
  [1m[36mSQL (0.2ms)[0m  [1mINSERT INTO "schema_migrations" ("version") VALUES (?)[0m  [["version", "20160313004948"]]
  [1m[35m (10.3ms)[0m  commit transaction
  [1m[36mActiveRecord::SchemaMigration Load (0.2ms)[0m  [1mSELECT "schema_migrations".* FROM "schema_migrations"[0m


Started GET "/lists/2" for 127.0.0.1 at 2017-08-23 10:10:17 -0400
  [1m[36mActiveRecord::SchemaMigration Load (0.1ms)[0m  [1mSELECT "schema_migrations".* FROM "schema_migrations"[0m
Processing by ListsController#show as HTML
  Parameters: {"id"=>"2"}
  [1m[35mList Load (0.2ms)[0m  SELECT  "lists".* FROM "lists" WHERE "lists"."id" = ? LIMIT 1  [["id", 2]]
Completed 404 Not Found in 26ms (ActiveRecord: 0.7ms)

ActiveRecord::RecordNotFound (Couldn't find List with 'id'=2):
  app/controllers/lists_controller.rb:10:in `show'


  Rendered /home/howardbdev/.rvm/gems/ruby-2.3.1/gems/actionpack-4.2.5.1/lib/action_dispatch/middleware/templates/rescues/_source.erb (3.3ms)
  Rendered /home/howardbdev/.rvm/gems/ruby-2.3.1/gems/actionpack-4.2.5.1/lib/action_dispatch/middleware/templates/rescues/_trace.html.erb (1.7ms)
  Rendered /home/howardbdev/.rvm/gems/ruby-2.3.1/gems/actionpack-4.2.5.1/lib/action_dispatch/middleware/templates/rescues/_request_and_response.html.erb (1.8ms)
  Rendered /home/howardbdev/.rvm/gems/ruby-2.3.1/gems/actionpack-4.2.5.1/lib/action_dispatch/middleware/templates/rescues/diagnostics.html.erb within rescues/layout (21.1ms)
  Rendered /home/howardbdev/.rvm/gems/ruby-2.3.1/gems/web-console-2.3.0/lib/web_console/templates/_markup.html.erb (0.4ms)
  Rendered /home/howardbdev/.rvm/gems/ruby-2.3.1/gems/web-console-2.3.0/lib/web_console/templates/_inner_console_markup.html.erb within layouts/inlined_string (0.4ms)
  Rendered /home/howardbdev/.rvm/gems/ruby-2.3.1/gems/web-console-2.3.0/lib/web_console/templates/_prompt_box_markup.html.erb within layouts/inlined_string (0.4ms)
  Rendered /home/howardbdev/.rvm/gems/ruby-2.3.1/gems/web-console-2.3.0/lib/web_console/templates/style.css.erb within layouts/inlined_string (0.4ms)
  Rendered /home/howardbdev/.rvm/gems/ruby-2.3.1/gems/web-console-2.3.0/lib/web_console/templates/console.js.erb within layouts/javascript (20.7ms)
  Rendered /home/howardbdev/.rvm/gems/ruby-2.3.1/gems/web-console-2.3.0/lib/web_console/templates/main.js.erb within layouts/javascript (0.4ms)
  Rendered /home/howardbdev/.rvm/gems/ruby-2.3.1/gems/web-console-2.3.0/lib/web_console/templates/error_page.js.erb within layouts/javascript (0.8ms)
  Rendered /home/howardbdev/.rvm/gems/ruby-2.3.1/gems/web-console-2.3.0/lib/web_console/templates/index.html.erb (42.7ms)


Started GET "/" for 127.0.0.1 at 2017-08-23 10:10:21 -0400
Processing by ListsController#index as HTML
  [1m[36mList Load (0.8ms)[0m  [1mSELECT "lists".* FROM "lists"[0m
  Rendered lists/index.html.erb within layouts/application (42.4ms)
Completed 200 OK in 826ms (Views: 798.7ms | ActiveRecord: 0.8ms)


Started GET "/assets/lists.self-5e64df0201ac31cda15d2138ec18719920a1502ebf642aebcddafc969bfe3284.css?body=1" for 127.0.0.1 at 2017-08-23 10:10:22 -0400


Started GET "/assets/todomvc-base.self-9eb594d8e952a551ecb29c785c324969df19668ea6e14ba69b758af79baca809.css?body=1" for 127.0.0.1 at 2017-08-23 10:10:22 -0400


Started GET "/assets/application.self-860170c7ab1ca088027e93d68592059edd583aacf6fd47eea1c1c5332b5a9db9.css?body=1" for 127.0.0.1 at 2017-08-23 10:10:22 -0400


Started GET "/assets/handlebars.min.self-429e65ad851a9fba6fc733189c9d096fb8efb08804725e69c58ec9e7e995271d.js?body=1" for 127.0.0.1 at 2017-08-23 10:10:22 -0400


Started GET "/assets/items.self-2d15f576542155d9397f3f77570a62ebfda6eba3a5183b5981b699c9b3c13b5a.js?body=1" for 127.0.0.1 at 2017-08-23 10:10:22 -0400


Started GET "/assets/lists.self-9d4b2205ff736a0fd786f2190e96956207bdff8a1be9030fbf6c080af703dc13.js?body=1" for 127.0.0.1 at 2017-08-23 10:10:22 -0400


Started POST "/lists" for 127.0.0.1 at 2017-08-23 10:10:34 -0400
Processing by ListsController#create as HTML
  Parameters: {"utf8"=>"✓", "authenticity_token"=>"NVjUWL5OFZXdTV1y0/e3nZwZyMCX+YryHqTqu1X1SIGrzU3nTrxhh+d61yuN7y7HcUu34kEoxHtV0K1ueRLe8w==", "list"=>{"name"=>"My newest bestest listest"}, "commit"=>"Create List"}
  [1m[35m (0.5ms)[0m  begin transaction
  [1m[36mSQL (1.4ms)[0m  [1mINSERT INTO "lists" ("name", "created_at", "updated_at") VALUES (?, ?, ?)[0m  [["name", "My newest bestest listest"], ["created_at", "2017-08-23 14:10:34.200622"], ["updated_at", "2017-08-23 14:10:34.200622"]]
  [1m[35m (8.1ms)[0m  commit transaction
Redirected to http://localhost:3000/lists/1
Completed 302 Found in 33ms (ActiveRecord: 10.1ms)


Started GET "/lists/1" for 127.0.0.1 at 2017-08-23 10:10:34 -0400
Processing by ListsController#show as HTML
  Parameters: {"id"=>"1"}
  [1m[36mList Load (0.5ms)[0m  [1mSELECT  "lists".* FROM "lists" WHERE "lists"."id" = ? LIMIT 1[0m  [["id", 1]]
  [1m[35mItem Load (0.5ms)[0m  SELECT "items".* FROM "items" WHERE "items"."list_id" = ?  [["list_id", 1]]
  Rendered items/_item_li.html.erb (0.0ms)
  Rendered lists/show.html.erb within layouts/application (31.5ms)
Completed 200 OK in 90ms (Views: 57.1ms | ActiveRecord: 1.3ms)


Started POST "/lists/1/items" for 127.0.0.1 at 2017-08-23 10:10:42 -0400
Processing by ItemsController#create as JSON
  Parameters: {"utf8"=>"✓", "authenticity_token"=>"f6Ty6z+JsvAa85gjdG0BuI0AmEf9n8BvoYjY+xmsxtbhMWtUz3vG4iDEEnoqdZjiYFLnZStOjubq/J8uNUtQpA==", "item"=>{"description"=>"Guess I gotta fix that title"}, "list_id"=>"1"}
  [1m[36mList Load (0.5ms)[0m  [1mSELECT  "lists".* FROM "lists" WHERE "lists"."id" = ? LIMIT 1[0m  [["id", 1]]
  [1m[35m (0.4ms)[0m  begin transaction
  [1m[36mSQL (1.4ms)[0m  [1mINSERT INTO "items" ("description", "list_id", "created_at", "updated_at") VALUES (?, ?, ?, ?)[0m  [["description", "Guess I gotta fix that title"], ["list_id", 1], ["created_at", "2017-08-23 14:10:42.088406"], ["updated_at", "2017-08-23 14:10:42.088406"]]
  [1m[35m (6.0ms)[0m  commit transaction
Completed 200 OK in 41ms (Views: 1.3ms | ActiveRecord: 8.2ms)


Started DELETE "/lists/1/items/1" for 127.0.0.1 at 2017-08-23 10:10:46 -0400
Processing by ItemsController#destroy as JSON
  Parameters: {"authenticity_token"=>"DOFKK+/4MMHF9IHZsUBC9fVCDGS+LA4zTCeJxwkXf3+SdNOUHwpE0//DC4DvWNuvGBBzRmj9QLoHU84SJfDpDQ==", "list_id"=>"1", "id"=>"1"}
  [1m[36mItem Load (0.8ms)[0m  [1mSELECT  "items".* FROM "items" WHERE "items"."id" = ? LIMIT 1[0m  [["id", 1]]
  [1m[35m (0.2ms)[0m  begin transaction
  [1m[36mSQL (1.0ms)[0m  [1mDELETE FROM "items" WHERE "items"."id" = ?[0m  [["id", 1]]
  [1m[35m (11.4ms)[0m  commit transaction
Completed 200 OK in 52ms (Views: 2.3ms | ActiveRecord: 13.4ms)


Started POST "/lists/1/items" for 127.0.0.1 at 2017-08-23 10:11:11 -0400
Processing by ItemsController#create as JSON
  Parameters: {"utf8"=>"✓", "authenticity_token"=>"f6Ty6z+JsvAa85gjdG0BuI0AmEf9n8BvoYjY+xmsxtbhMWtUz3vG4iDEEnoqdZjiYFLnZStOjubq/J8uNUtQpA==", "item"=>{"description"=>"Let's see that sexy ajax"}, "list_id"=>"1"}
  [1m[36mList Load (0.4ms)[0m  [1mSELECT  "lists".* FROM "lists" WHERE "lists"."id" = ? LIMIT 1[0m  [["id", 1]]
  [1m[35m (0.4ms)[0m  begin transaction
  [1m[36mSQL (0.5ms)[0m  [1mINSERT INTO "items" ("description", "list_id", "created_at", "updated_at") VALUES (?, ?, ?, ?)[0m  [["description", "Let's see that sexy ajax"], ["list_id", 1], ["created_at", "2017-08-23 14:11:11.911483"], ["updated_at", "2017-08-23 14:11:11.911483"]]
  [1m[35m (6.5ms)[0m  commit transaction
Completed 200 OK in 24ms (Views: 1.7ms | ActiveRecord: 7.8ms)


Started POST "/lists/1/items" for 127.0.0.1 at 2017-08-23 10:11:20 -0400
Processing by ItemsController#create as JSON
  Parameters: {"utf8"=>"✓", "authenticity_token"=>"f6Ty6z+JsvAa85gjdG0BuI0AmEf9n8BvoYjY+xmsxtbhMWtUz3vG4iDEEnoqdZjiYFLnZStOjubq/J8uNUtQpA==", "item"=>{"description"=>"Would be nice if this cleared"}, "list_id"=>"1"}
  [1m[36mList Load (0.4ms)[0m  [1mSELECT  "lists".* FROM "lists" WHERE "lists"."id" = ? LIMIT 1[0m  [["id", 1]]
  [1m[35m (0.3ms)[0m  begin transaction
  [1m[36mSQL (0.7ms)[0m  [1mINSERT INTO "items" ("description", "list_id", "created_at", "updated_at") VALUES (?, ?, ?, ?)[0m  [["description", "Would be nice if this cleared"], ["list_id", 1], ["created_at", "2017-08-23 14:11:20.345256"], ["updated_at", "2017-08-23 14:11:20.345256"]]
  [1m[35m (6.1ms)[0m  commit transaction
Completed 200 OK in 25ms (Views: 1.5ms | ActiveRecord: 7.6ms)


Started DELETE "/lists/1/items/3" for 127.0.0.1 at 2017-08-23 10:11:23 -0400
Processing by ItemsController#destroy as JSON
  Parameters: {"authenticity_token"=>"DOFKK+/4MMHF9IHZsUBC9fVCDGS+LA4zTCeJxwkXf3+SdNOUHwpE0//DC4DvWNuvGBBzRmj9QLoHU84SJfDpDQ==", "list_id"=>"1", "id"=>"3"}
  [1m[36mItem Load (0.4ms)[0m  [1mSELECT  "items".* FROM "items" WHERE "items"."id" = ? LIMIT 1[0m  [["id", 3]]
  [1m[35m (0.2ms)[0m  begin transaction
  [1m[36mSQL (0.4ms)[0m  [1mDELETE FROM "items" WHERE "items"."id" = ?[0m  [["id", 3]]
  [1m[35m (5.9ms)[0m  commit transaction
Completed 200 OK in 16ms (Views: 2.5ms | ActiveRecord: 7.0ms)


Started POST "/lists/1/items" for 127.0.0.1 at 2017-08-23 10:11:34 -0400
Processing by ItemsController#create as JSON
  Parameters: {"utf8"=>"✓", "authenticity_token"=>"f6Ty6z+JsvAa85gjdG0BuI0AmEf9n8BvoYjY+xmsxtbhMWtUz3vG4iDEEnoqdZjiYFLnZStOjubq/J8uNUtQpA==", "item"=>{"description"=>"Would be nice if this cleared - guess I could do that"}, "list_id"=>"1"}
  [1m[36mList Load (0.3ms)[0m  [1mSELECT  "lists".* FROM "lists" WHERE "lists"."id" = ? LIMIT 1[0m  [["id", 1]]
  [1m[35m (0.2ms)[0m  begin transaction
  [1m[36mSQL (0.6ms)[0m  [1mINSERT INTO "items" ("description", "list_id", "created_at", "updated_at") VALUES (?, ?, ?, ?)[0m  [["description", "Would be nice if this cleared - guess I could do that"], ["list_id", 1], ["created_at", "2017-08-23 14:11:34.596235"], ["updated_at", "2017-08-23 14:11:34.596235"]]
  [1m[35m (6.7ms)[0m  commit transaction
Completed 200 OK in 25ms (Views: 2.6ms | ActiveRecord: 7.9ms)


Started GET "/lists/1" for 127.0.0.1 at 2017-08-23 10:18:36 -0400
Processing by ListsController#show as HTML
  Parameters: {"id"=>"1"}
  [1m[36mList Load (0.5ms)[0m  [1mSELECT  "lists".* FROM "lists" WHERE "lists"."id" = ? LIMIT 1[0m  [["id", 1]]
  [1m[35mItem Load (0.5ms)[0m  SELECT "items".* FROM "items" WHERE "items"."list_id" = ?  [["list_id", 1]]
  Rendered items/_item_li.html.erb (26.7ms)
  Rendered lists/show.html.erb within layouts/application (45.9ms)
Completed 200 OK in 181ms (Views: 174.9ms | ActiveRecord: 1.0ms)


Started GET "/assets/todomvc-base.self-9eb594d8e952a551ecb29c785c324969df19668ea6e14ba69b758af79baca809.css?body=1" for 127.0.0.1 at 2017-08-23 10:18:37 -0400


Started GET "/assets/lists.self-5e64df0201ac31cda15d2138ec18719920a1502ebf642aebcddafc969bfe3284.css?body=1" for 127.0.0.1 at 2017-08-23 10:18:37 -0400


Started GET "/assets/application.self-860170c7ab1ca088027e93d68592059edd583aacf6fd47eea1c1c5332b5a9db9.css?body=1" for 127.0.0.1 at 2017-08-23 10:18:37 -0400


Started GET "/assets/jquery_ujs.self-e87806d0cf4489aeb1bb7288016024e8de67fd18db693fe026fe3907581e53cd.js?body=1" for 127.0.0.1 at 2017-08-23 10:18:37 -0400


Started GET "/assets/jquery.self-660adc51e0224b731d29f575a6f1ec167ba08ad06ed5deca4f1e8654c135bf4c.js?body=1" for 127.0.0.1 at 2017-08-23 10:18:37 -0400


Started GET "/assets/lists.self-9d4b2205ff736a0fd786f2190e96956207bdff8a1be9030fbf6c080af703dc13.js?body=1" for 127.0.0.1 at 2017-08-23 10:18:37 -0400


Started GET "/assets/application.self-3b8dabdc891efe46b9a144b400ad69e37d7e5876bdc39dee783419a69d7ca819.js?body=1" for 127.0.0.1 at 2017-08-23 10:18:37 -0400


Started GET "/assets/handlebars.min.self-429e65ad851a9fba6fc733189c9d096fb8efb08804725e69c58ec9e7e995271d.js?body=1" for 127.0.0.1 at 2017-08-23 10:18:37 -0400


Started GET "/assets/items.self-dce68b6cd151c053bf4d75ce568e375f0b8d668a45b5f48dbec17f875729f8fc.js?body=1" for 127.0.0.1 at 2017-08-23 10:18:37 -0400


Started POST "/lists/1/items" for 127.0.0.1 at 2017-08-23 10:18:49 -0400
Processing by ItemsController#create as JSON
  Parameters: {"utf8"=>"✓", "authenticity_token"=>"LDJnD1yfANt+Y1GihpdGbz1xPhhTtpfJQeGI68yv+mayp/6wrG10yURU2/vYj9810CNBOoVn2UAKlc8+4EhsFA==", "item"=>{"description"=>"Cross your ringers!"}, "list_id"=>"1"}
  [1m[36mList Load (0.7ms)[0m  [1mSELECT  "lists".* FROM "lists" WHERE "lists"."id" = ? LIMIT 1[0m  [["id", 1]]
  [1m[35m (0.3ms)[0m  begin transaction
  [1m[36mSQL (0.5ms)[0m  [1mINSERT INTO "items" ("description", "list_id", "created_at", "updated_at") VALUES (?, ?, ?, ?)[0m  [["description", "Cross your ringers!"], ["list_id", 1], ["created_at", "2017-08-23 14:18:49.893438"], ["updated_at", "2017-08-23 14:18:49.893438"]]
  [1m[35m (12.1ms)[0m  commit transaction
Completed 200 OK in 30ms (Views: 1.8ms | ActiveRecord: 13.5ms)


Started GET "/lists/1" for 127.0.0.1 at 2017-08-23 10:19:37 -0400
Processing by ListsController#show as HTML
  Parameters: {"id"=>"1"}
  [1m[36mList Load (0.2ms)[0m  [1mSELECT  "lists".* FROM "lists" WHERE "lists"."id" = ? LIMIT 1[0m  [["id", 1]]
  [1m[35mItem Load (0.1ms)[0m  SELECT "items".* FROM "items" WHERE "items"."list_id" = ?  [["list_id", 1]]
  Rendered items/_item_li.html.erb (4.6ms)
  Rendered lists/show.html.erb within layouts/application (9.7ms)
Completed 200 OK in 140ms (Views: 137.1ms | ActiveRecord: 0.3ms)


Started GET "/assets/todomvc-base.self-9eb594d8e952a551ecb29c785c324969df19668ea6e14ba69b758af79baca809.css?body=1" for 127.0.0.1 at 2017-08-23 10:19:37 -0400


Started GET "/assets/lists.self-5e64df0201ac31cda15d2138ec18719920a1502ebf642aebcddafc969bfe3284.css?body=1" for 127.0.0.1 at 2017-08-23 10:19:37 -0400


Started GET "/assets/jquery_ujs.self-e87806d0cf4489aeb1bb7288016024e8de67fd18db693fe026fe3907581e53cd.js?body=1" for 127.0.0.1 at 2017-08-23 10:19:37 -0400


Started GET "/assets/handlebars.min.self-429e65ad851a9fba6fc733189c9d096fb8efb08804725e69c58ec9e7e995271d.js?body=1" for 127.0.0.1 at 2017-08-23 10:19:37 -0400


Started GET "/assets/application.self-860170c7ab1ca088027e93d68592059edd583aacf6fd47eea1c1c5332b5a9db9.css?body=1" for 127.0.0.1 at 2017-08-23 10:19:37 -0400


Started GET "/assets/jquery.self-660adc51e0224b731d29f575a6f1ec167ba08ad06ed5deca4f1e8654c135bf4c.js?body=1" for 127.0.0.1 at 2017-08-23 10:19:37 -0400


Started GET "/assets/lists.self-9d4b2205ff736a0fd786f2190e96956207bdff8a1be9030fbf6c080af703dc13.js?body=1" for 127.0.0.1 at 2017-08-23 10:19:37 -0400


Started GET "/assets/items.self-87b36395bafc0a3df8daeb1dd7ab235d64c42826f568916a6d04b599c432977e.js?body=1" for 127.0.0.1 at 2017-08-23 10:19:37 -0400


Started GET "/assets/application.self-3b8dabdc891efe46b9a144b400ad69e37d7e5876bdc39dee783419a69d7ca819.js?body=1" for 127.0.0.1 at 2017-08-23 10:19:37 -0400


Started POST "/lists/1/items" for 127.0.0.1 at 2017-08-23 10:19:43 -0400
Processing by ItemsController#create as JSON
  Parameters: {"utf8"=>"✓", "authenticity_token"=>"/UVsUbZOZBpeP8dpew9JrguXRHQeFoLHmCLWNg8XjThj0PXuRrwQCGQITTAlF9D05sU7VsjHzE7TVpHjI/AbSg==", "item"=>{"description"=>"oh mah goodness"}, "list_id"=>"1"}
  [1m[36mList Load (0.4ms)[0m  [1mSELECT  "lists".* FROM "lists" WHERE "lists"."id" = ? LIMIT 1[0m  [["id", 1]]
  [1m[35m (0.2ms)[0m  begin transaction
  [1m[36mSQL (0.3ms)[0m  [1mINSERT INTO "items" ("description", "list_id", "created_at", "updated_at") VALUES (?, ?, ?, ?)[0m  [["description", "oh mah goodness"], ["list_id", 1], ["created_at", "2017-08-23 14:19:43.829427"], ["updated_at", "2017-08-23 14:19:43.829427"]]
  [1m[35m (4.7ms)[0m  commit transaction
Completed 200 OK in 46ms (Views: 0.5ms | ActiveRecord: 5.6ms)


Started GET "/lists/1" for 127.0.0.1 at 2017-08-23 10:19:49 -0400
Processing by ListsController#show as HTML
  Parameters: {"id"=>"1"}
  [1m[36mList Load (0.6ms)[0m  [1mSELECT  "lists".* FROM "lists" WHERE "lists"."id" = ? LIMIT 1[0m  [["id", 1]]
  [1m[35mItem Load (0.2ms)[0m  SELECT "items".* FROM "items" WHERE "items"."list_id" = ?  [["list_id", 1]]
  Rendered items/_item_li.html.erb (9.5ms)
  Rendered lists/show.html.erb within layouts/application (16.7ms)
Completed 200 OK in 67ms (Views: 56.3ms | ActiveRecord: 0.8ms)


Started GET "/assets/todomvc-base.self-9eb594d8e952a551ecb29c785c324969df19668ea6e14ba69b758af79baca809.css?body=1" for 127.0.0.1 at 2017-08-23 10:19:49 -0400


Started GET "/assets/lists.self-5e64df0201ac31cda15d2138ec18719920a1502ebf642aebcddafc969bfe3284.css?body=1" for 127.0.0.1 at 2017-08-23 10:19:49 -0400


Started GET "/assets/application.self-860170c7ab1ca088027e93d68592059edd583aacf6fd47eea1c1c5332b5a9db9.css?body=1" for 127.0.0.1 at 2017-08-23 10:19:49 -0400


Started GET "/assets/jquery_ujs.self-e87806d0cf4489aeb1bb7288016024e8de67fd18db693fe026fe3907581e53cd.js?body=1" for 127.0.0.1 at 2017-08-23 10:19:49 -0400


Started GET "/assets/handlebars.min.self-429e65ad851a9fba6fc733189c9d096fb8efb08804725e69c58ec9e7e995271d.js?body=1" for 127.0.0.1 at 2017-08-23 10:19:49 -0400


Started GET "/assets/jquery.self-660adc51e0224b731d29f575a6f1ec167ba08ad06ed5deca4f1e8654c135bf4c.js?body=1" for 127.0.0.1 at 2017-08-23 10:19:49 -0400


Started GET "/assets/lists.self-9d4b2205ff736a0fd786f2190e96956207bdff8a1be9030fbf6c080af703dc13.js?body=1" for 127.0.0.1 at 2017-08-23 10:19:49 -0400


Started GET "/assets/items.self-87b36395bafc0a3df8daeb1dd7ab235d64c42826f568916a6d04b599c432977e.js?body=1" for 127.0.0.1 at 2017-08-23 10:19:49 -0400


Started GET "/assets/application.self-3b8dabdc891efe46b9a144b400ad69e37d7e5876bdc39dee783419a69d7ca819.js?body=1" for 127.0.0.1 at 2017-08-23 10:19:49 -0400


Started GET "/lists/1" for 127.0.0.1 at 2017-08-23 10:20:35 -0400
Processing by ListsController#show as HTML
  Parameters: {"id"=>"1"}
  [1m[36mList Load (0.1ms)[0m  [1mSELECT  "lists".* FROM "lists" WHERE "lists"."id" = ? LIMIT 1[0m  [["id", 1]]
  [1m[35mItem Load (0.2ms)[0m  SELECT "items".* FROM "items" WHERE "items"."list_id" = ?  [["list_id", 1]]
  Rendered items/_item_li.html.erb (5.5ms)
  Rendered lists/show.html.erb within layouts/application (9.7ms)
Completed 200 OK in 156ms (Views: 154.6ms | ActiveRecord: 0.3ms)


Started GET "/assets/todomvc-base.self-9eb594d8e952a551ecb29c785c324969df19668ea6e14ba69b758af79baca809.css?body=1" for 127.0.0.1 at 2017-08-23 10:20:35 -0400


Started GET "/assets/application.self-860170c7ab1ca088027e93d68592059edd583aacf6fd47eea1c1c5332b5a9db9.css?body=1" for 127.0.0.1 at 2017-08-23 10:20:35 -0400


Started GET "/assets/lists.self-5e64df0201ac31cda15d2138ec18719920a1502ebf642aebcddafc969bfe3284.css?body=1" for 127.0.0.1 at 2017-08-23 10:20:35 -0400


Started GET "/assets/jquery_ujs.self-e87806d0cf4489aeb1bb7288016024e8de67fd18db693fe026fe3907581e53cd.js?body=1" for 127.0.0.1 at 2017-08-23 10:20:35 -0400


Started GET "/assets/application.self-3b8dabdc891efe46b9a144b400ad69e37d7e5876bdc39dee783419a69d7ca819.js?body=1" for 127.0.0.1 at 2017-08-23 10:20:35 -0400


Started GET "/assets/items.self-ce35484923e552a427dcc80f17363517863185ad955cf54087629ed4392a7f95.js?body=1" for 127.0.0.1 at 2017-08-23 10:20:35 -0400


Started GET "/assets/lists.self-9d4b2205ff736a0fd786f2190e96956207bdff8a1be9030fbf6c080af703dc13.js?body=1" for 127.0.0.1 at 2017-08-23 10:20:35 -0400


Started GET "/assets/handlebars.min.self-429e65ad851a9fba6fc733189c9d096fb8efb08804725e69c58ec9e7e995271d.js?body=1" for 127.0.0.1 at 2017-08-23 10:20:35 -0400


Started GET "/assets/jquery.self-660adc51e0224b731d29f575a6f1ec167ba08ad06ed5deca4f1e8654c135bf4c.js?body=1" for 127.0.0.1 at 2017-08-23 10:20:35 -0400


Started POST "/lists/1/items" for 127.0.0.1 at 2017-08-23 10:20:40 -0400
Processing by ItemsController#create as JSON
  Parameters: {"utf8"=>"✓", "authenticity_token"=>"nBY+PBGI/Tr5jkGeojz3tN86jJpC94PugEBQIM4+wDkCg6eD4XqJKMO5y8f8JG7uMmjzuJQmzWfLNBf14tlWSw==", "item"=>{"description"=>"Try dis again"}, "list_id"=>"1"}
  [1m[36mList Load (0.4ms)[0m  [1mSELECT  "lists".* FROM "lists" WHERE "lists"."id" = ? LIMIT 1[0m  [["id", 1]]
  [1m[35m (0.2ms)[0m  begin transaction
  [1m[36mSQL (0.5ms)[0m  [1mINSERT INTO "items" ("description", "list_id", "created_at", "updated_at") VALUES (?, ?, ?, ?)[0m  [["description", "Try dis again"], ["list_id", 1], ["created_at", "2017-08-23 14:20:40.181230"], ["updated_at", "2017-08-23 14:20:40.181230"]]
  [1m[35m (10.1ms)[0m  commit transaction
Completed 200 OK in 27ms (Views: 1.6ms | ActiveRecord: 11.3ms)


Started GET "/lists/1" for 127.0.0.1 at 2017-08-23 10:21:06 -0400
Processing by ListsController#show as HTML
  Parameters: {"id"=>"1"}
  [1m[36mList Load (0.3ms)[0m  [1mSELECT  "lists".* FROM "lists" WHERE "lists"."id" = ? LIMIT 1[0m  [["id", 1]]
  [1m[35mItem Load (0.2ms)[0m  SELECT "items".* FROM "items" WHERE "items"."list_id" = ?  [["list_id", 1]]
  Rendered items/_item_li.html.erb (14.1ms)
  Rendered lists/show.html.erb within layouts/application (18.6ms)
Completed 200 OK in 184ms (Views: 180.5ms | ActiveRecord: 0.5ms)


Started GET "/assets/todomvc-base.self-9eb594d8e952a551ecb29c785c324969df19668ea6e14ba69b758af79baca809.css?body=1" for 127.0.0.1 at 2017-08-23 10:21:06 -0400


Started GET "/assets/lists.self-5e64df0201ac31cda15d2138ec18719920a1502ebf642aebcddafc969bfe3284.css?body=1" for 127.0.0.1 at 2017-08-23 10:21:06 -0400


Started GET "/assets/application.self-860170c7ab1ca088027e93d68592059edd583aacf6fd47eea1c1c5332b5a9db9.css?body=1" for 127.0.0.1 at 2017-08-23 10:21:06 -0400


Started GET "/assets/jquery.self-660adc51e0224b731d29f575a6f1ec167ba08ad06ed5deca4f1e8654c135bf4c.js?body=1" for 127.0.0.1 at 2017-08-23 10:21:06 -0400


Started GET "/assets/jquery_ujs.self-e87806d0cf4489aeb1bb7288016024e8de67fd18db693fe026fe3907581e53cd.js?body=1" for 127.0.0.1 at 2017-08-23 10:21:06 -0400


Started GET "/assets/items.self-1a2ba6a0c39158042c060f11c4a0cf0e64e262d328792eeef97fb33ecfdd46f3.js?body=1" for 127.0.0.1 at 2017-08-23 10:21:06 -0400


Started GET "/assets/lists.self-9d4b2205ff736a0fd786f2190e96956207bdff8a1be9030fbf6c080af703dc13.js?body=1" for 127.0.0.1 at 2017-08-23 10:21:06 -0400


Started GET "/assets/handlebars.min.self-429e65ad851a9fba6fc733189c9d096fb8efb08804725e69c58ec9e7e995271d.js?body=1" for 127.0.0.1 at 2017-08-23 10:21:06 -0400


Started GET "/assets/application.self-3b8dabdc891efe46b9a144b400ad69e37d7e5876bdc39dee783419a69d7ca819.js?body=1" for 127.0.0.1 at 2017-08-23 10:21:06 -0400


Started POST "/lists/1/items" for 127.0.0.1 at 2017-08-23 10:21:09 -0400
Processing by ItemsController#create as JSON
  Parameters: {"utf8"=>"✓", "authenticity_token"=>"PDU7lPcXpcLnzdtN6149rzxPk2aFbbXyJP1+0AfnvAmioKIrB+XR0N36URS1RqT10R3sRFO8+3tviTkFKwAqew==", "item"=>{"description"=>"and again"}, "list_id"=>"1"}
  [1m[36mList Load (0.4ms)[0m  [1mSELECT  "lists".* FROM "lists" WHERE "lists"."id" = ? LIMIT 1[0m  [["id", 1]]
  [1m[35m (0.3ms)[0m  begin transaction
  [1m[36mSQL (0.5ms)[0m  [1mINSERT INTO "items" ("description", "list_id", "created_at", "updated_at") VALUES (?, ?, ?, ?)[0m  [["description", "and again"], ["list_id", 1], ["created_at", "2017-08-23 14:21:09.800994"], ["updated_at", "2017-08-23 14:21:09.800994"]]
  [1m[35m (10.9ms)[0m  commit transaction
Completed 200 OK in 28ms (Views: 1.6ms | ActiveRecord: 12.1ms)


Started POST "/lists/1/items" for 127.0.0.1 at 2017-08-23 10:23:09 -0400
Processing by ItemsController#create as JSON
  Parameters: {"utf8"=>"✓", "authenticity_token"=>"PDU7lPcXpcLnzdtN6149rzxPk2aFbbXyJP1+0AfnvAmioKIrB+XR0N36URS1RqT10R3sRFO8+3tviTkFKwAqew==", "item"=>{"description"=>"and again"}, "list_id"=>"1"}
  [1m[36mList Load (0.3ms)[0m  [1mSELECT  "lists".* FROM "lists" WHERE "lists"."id" = ? LIMIT 1[0m  [["id", 1]]
  [1m[35m (0.3ms)[0m  begin transaction
  [1m[36mSQL (0.7ms)[0m  [1mINSERT INTO "items" ("description", "list_id", "created_at", "updated_at") VALUES (?, ?, ?, ?)[0m  [["description", "and again"], ["list_id", 1], ["created_at", "2017-08-23 14:23:09.092015"], ["updated_at", "2017-08-23 14:23:09.092015"]]
  [1m[35m (6.5ms)[0m  commit transaction
Completed 200 OK in 21ms (Views: 1.3ms | ActiveRecord: 7.8ms)


Started GET "/lists/1" for 127.0.0.1 at 2017-08-23 10:23:10 -0400
Processing by ListsController#show as HTML
  Parameters: {"id"=>"1"}
  [1m[36mList Load (0.5ms)[0m  [1mSELECT  "lists".* FROM "lists" WHERE "lists"."id" = ? LIMIT 1[0m  [["id", 1]]
  [1m[35mItem Load (1.7ms)[0m  SELECT "items".* FROM "items" WHERE "items"."list_id" = ?  [["list_id", 1]]
  Rendered items/_item_li.html.erb (21.2ms)
  Rendered lists/show.html.erb within layouts/application (45.0ms)
Completed 200 OK in 209ms (Views: 198.8ms | ActiveRecord: 2.2ms)


Started GET "/assets/todomvc-base.self-9eb594d8e952a551ecb29c785c324969df19668ea6e14ba69b758af79baca809.css?body=1" for 127.0.0.1 at 2017-08-23 10:23:10 -0400


Started GET "/assets/application.self-860170c7ab1ca088027e93d68592059edd583aacf6fd47eea1c1c5332b5a9db9.css?body=1" for 127.0.0.1 at 2017-08-23 10:23:10 -0400


Started GET "/assets/lists.self-5e64df0201ac31cda15d2138ec18719920a1502ebf642aebcddafc969bfe3284.css?body=1" for 127.0.0.1 at 2017-08-23 10:23:10 -0400


Started GET "/assets/jquery_ujs.self-e87806d0cf4489aeb1bb7288016024e8de67fd18db693fe026fe3907581e53cd.js?body=1" for 127.0.0.1 at 2017-08-23 10:23:10 -0400


Started GET "/assets/handlebars.min.self-429e65ad851a9fba6fc733189c9d096fb8efb08804725e69c58ec9e7e995271d.js?body=1" for 127.0.0.1 at 2017-08-23 10:23:10 -0400


Started GET "/assets/jquery.self-660adc51e0224b731d29f575a6f1ec167ba08ad06ed5deca4f1e8654c135bf4c.js?body=1" for 127.0.0.1 at 2017-08-23 10:23:10 -0400


Started GET "/assets/items.self-382bb4872a381e29a3495b6b157032c6aca3d02436170f7c67b191ad2f0fda95.js?body=1" for 127.0.0.1 at 2017-08-23 10:23:10 -0400


Started GET "/assets/application.self-3b8dabdc891efe46b9a144b400ad69e37d7e5876bdc39dee783419a69d7ca819.js?body=1" for 127.0.0.1 at 2017-08-23 10:23:10 -0400


Started GET "/assets/lists.self-9d4b2205ff736a0fd786f2190e96956207bdff8a1be9030fbf6c080af703dc13.js?body=1" for 127.0.0.1 at 2017-08-23 10:23:10 -0400


Started POST "/lists/1/items" for 127.0.0.1 at 2017-08-23 10:23:15 -0400
Processing by ItemsController#create as JSON
  Parameters: {"utf8"=>"✓", "authenticity_token"=>"TQTI9ps/Ck8tPoFMDf+atMy8H6MTzKh+up2WO7ql/OPTkVFJa81+XRcJCxVT5wPuIe5ggcUd5vfx6dHulkJqkQ==", "item"=>{"description"=>"huminua"}, "list_id"=>"1"}
  [1m[36mList Load (0.3ms)[0m  [1mSELECT  "lists".* FROM "lists" WHERE "lists"."id" = ? LIMIT 1[0m  [["id", 1]]
  [1m[35m (0.2ms)[0m  begin transaction
  [1m[36mSQL (0.7ms)[0m  [1mINSERT INTO "items" ("description", "list_id", "created_at", "updated_at") VALUES (?, ?, ?, ?)[0m  [["description", "huminua"], ["list_id", 1], ["created_at", "2017-08-23 14:23:15.090202"], ["updated_at", "2017-08-23 14:23:15.090202"]]
  [1m[35m (6.3ms)[0m  commit transaction
Completed 200 OK in 21ms (Views: 1.5ms | ActiveRecord: 7.5ms)


Started POST "/lists/1/items" for 127.0.0.1 at 2017-08-23 10:23:21 -0400
Processing by ItemsController#create as JSON
  Parameters: {"utf8"=>"✓", "authenticity_token"=>"TQTI9ps/Ck8tPoFMDf+atMy8H6MTzKh+up2WO7ql/OPTkVFJa81+XRcJCxVT5wPuIe5ggcUd5vfx6dHulkJqkQ==", "item"=>{"description"=>"that worked"}, "list_id"=>"1"}
  [1m[36mList Load (0.3ms)[0m  [1mSELECT  "lists".* FROM "lists" WHERE "lists"."id" = ? LIMIT 1[0m  [["id", 1]]
  [1m[35m (0.2ms)[0m  begin transaction
  [1m[36mSQL (0.7ms)[0m  [1mINSERT INTO "items" ("description", "list_id", "created_at", "updated_at") VALUES (?, ?, ?, ?)[0m  [["description", "that worked"], ["list_id", 1], ["created_at", "2017-08-23 14:23:21.667976"], ["updated_at", "2017-08-23 14:23:21.667976"]]
  [1m[35m (6.3ms)[0m  commit transaction
Completed 200 OK in 21ms (Views: 1.5ms | ActiveRecord: 7.4ms)


Started GET "/lists/1" for 127.0.0.1 at 2017-08-23 10:23:27 -0400
Processing by ListsController#show as HTML
  Parameters: {"id"=>"1"}
  [1m[36mList Load (0.5ms)[0m  [1mSELECT  "lists".* FROM "lists" WHERE "lists"."id" = ? LIMIT 1[0m  [["id", 1]]
  [1m[35mItem Load (0.7ms)[0m  SELECT "items".* FROM "items" WHERE "items"."list_id" = ?  [["list_id", 1]]
  Rendered items/_item_li.html.erb (33.0ms)
  Rendered lists/show.html.erb within layouts/application (48.6ms)
Completed 200 OK in 92ms (Views: 84.1ms | ActiveRecord: 1.2ms)


Started GET "/assets/todomvc-base.self-9eb594d8e952a551ecb29c785c324969df19668ea6e14ba69b758af79baca809.css?body=1" for 127.0.0.1 at 2017-08-23 10:23:27 -0400


Started GET "/assets/lists.self-5e64df0201ac31cda15d2138ec18719920a1502ebf642aebcddafc969bfe3284.css?body=1" for 127.0.0.1 at 2017-08-23 10:23:27 -0400


Started GET "/assets/jquery_ujs.self-e87806d0cf4489aeb1bb7288016024e8de67fd18db693fe026fe3907581e53cd.js?body=1" for 127.0.0.1 at 2017-08-23 10:23:27 -0400


Started GET "/assets/jquery.self-660adc51e0224b731d29f575a6f1ec167ba08ad06ed5deca4f1e8654c135bf4c.js?body=1" for 127.0.0.1 at 2017-08-23 10:23:27 -0400


Started GET "/assets/application.self-860170c7ab1ca088027e93d68592059edd583aacf6fd47eea1c1c5332b5a9db9.css?body=1" for 127.0.0.1 at 2017-08-23 10:23:27 -0400


Started GET "/assets/handlebars.min.self-429e65ad851a9fba6fc733189c9d096fb8efb08804725e69c58ec9e7e995271d.js?body=1" for 127.0.0.1 at 2017-08-23 10:23:27 -0400


Started GET "/assets/lists.self-9d4b2205ff736a0fd786f2190e96956207bdff8a1be9030fbf6c080af703dc13.js?body=1" for 127.0.0.1 at 2017-08-23 10:23:27 -0400


Started GET "/assets/items.self-382bb4872a381e29a3495b6b157032c6aca3d02436170f7c67b191ad2f0fda95.js?body=1" for 127.0.0.1 at 2017-08-23 10:23:27 -0400


Started GET "/assets/application.self-3b8dabdc891efe46b9a144b400ad69e37d7e5876bdc39dee783419a69d7ca819.js?body=1" for 127.0.0.1 at 2017-08-23 10:23:27 -0400


Started GET "/lists/1" for 127.0.0.1 at 2017-08-23 10:23:59 -0400
Processing by ListsController#show as HTML
  Parameters: {"id"=>"1"}
  [1m[36mList Load (0.2ms)[0m  [1mSELECT  "lists".* FROM "lists" WHERE "lists"."id" = ? LIMIT 1[0m  [["id", 1]]
  [1m[35mItem Load (0.2ms)[0m  SELECT "items".* FROM "items" WHERE "items"."list_id" = ?  [["list_id", 1]]
  Rendered items/_item_li.html.erb (5.7ms)
  Rendered lists/show.html.erb within layouts/application (9.8ms)
Completed 200 OK in 97ms (Views: 95.5ms | ActiveRecord: 0.4ms)


Started GET "/assets/todomvc-base.self-9eb594d8e952a551ecb29c785c324969df19668ea6e14ba69b758af79baca809.css?body=1" for 127.0.0.1 at 2017-08-23 10:23:59 -0400


Started GET "/assets/application.self-860170c7ab1ca088027e93d68592059edd583aacf6fd47eea1c1c5332b5a9db9.css?body=1" for 127.0.0.1 at 2017-08-23 10:23:59 -0400


Started GET "/assets/jquery_ujs.self-e87806d0cf4489aeb1bb7288016024e8de67fd18db693fe026fe3907581e53cd.js?body=1" for 127.0.0.1 at 2017-08-23 10:23:59 -0400


Started GET "/assets/jquery.self-660adc51e0224b731d29f575a6f1ec167ba08ad06ed5deca4f1e8654c135bf4c.js?body=1" for 127.0.0.1 at 2017-08-23 10:23:59 -0400


Started GET "/assets/handlebars.min.self-429e65ad851a9fba6fc733189c9d096fb8efb08804725e69c58ec9e7e995271d.js?body=1" for 127.0.0.1 at 2017-08-23 10:23:59 -0400


Started GET "/assets/lists.self-5e64df0201ac31cda15d2138ec18719920a1502ebf642aebcddafc969bfe3284.css?body=1" for 127.0.0.1 at 2017-08-23 10:23:59 -0400


Started GET "/assets/items.self-ef16bac2960a269617d9c69b7a715a505fb4a63487be75545659c8f335bcf1a6.js?body=1" for 127.0.0.1 at 2017-08-23 10:23:59 -0400


Started GET "/assets/lists.self-9d4b2205ff736a0fd786f2190e96956207bdff8a1be9030fbf6c080af703dc13.js?body=1" for 127.0.0.1 at 2017-08-23 10:23:59 -0400


Started GET "/assets/application.self-3b8dabdc891efe46b9a144b400ad69e37d7e5876bdc39dee783419a69d7ca819.js?body=1" for 127.0.0.1 at 2017-08-23 10:23:59 -0400


Started GET "/lists/1" for 127.0.0.1 at 2017-08-23 10:24:08 -0400
Processing by ListsController#show as HTML
  Parameters: {"id"=>"1"}
  [1m[36mList Load (0.2ms)[0m  [1mSELECT  "lists".* FROM "lists" WHERE "lists"."id" = ? LIMIT 1[0m  [["id", 1]]
  [1m[35mItem Load (0.1ms)[0m  SELECT "items".* FROM "items" WHERE "items"."list_id" = ?  [["list_id", 1]]
  Rendered items/_item_li.html.erb (16.2ms)
  Rendered lists/show.html.erb within layouts/application (24.1ms)
Completed 200 OK in 146ms (Views: 143.9ms | ActiveRecord: 0.3ms)


Started GET "/assets/lists.self-5e64df0201ac31cda15d2138ec18719920a1502ebf642aebcddafc969bfe3284.css?body=1" for 127.0.0.1 at 2017-08-23 10:24:08 -0400


Started GET "/assets/jquery.self-660adc51e0224b731d29f575a6f1ec167ba08ad06ed5deca4f1e8654c135bf4c.js?body=1" for 127.0.0.1 at 2017-08-23 10:24:08 -0400


Started GET "/assets/application.self-860170c7ab1ca088027e93d68592059edd583aacf6fd47eea1c1c5332b5a9db9.css?body=1" for 127.0.0.1 at 2017-08-23 10:24:08 -0400


Started GET "/assets/handlebars.min.self-429e65ad851a9fba6fc733189c9d096fb8efb08804725e69c58ec9e7e995271d.js?body=1" for 127.0.0.1 at 2017-08-23 10:24:08 -0400


Started GET "/assets/jquery_ujs.self-e87806d0cf4489aeb1bb7288016024e8de67fd18db693fe026fe3907581e53cd.js?body=1" for 127.0.0.1 at 2017-08-23 10:24:08 -0400


Started GET "/assets/todomvc-base.self-9eb594d8e952a551ecb29c785c324969df19668ea6e14ba69b758af79baca809.css?body=1" for 127.0.0.1 at 2017-08-23 10:24:08 -0400


Started GET "/assets/items.self-cc301593edf884207079cd04a1e4bbf93905a784f16f983e9a938fe7cd07eac7.js?body=1" for 127.0.0.1 at 2017-08-23 10:24:08 -0400


Started GET "/assets/lists.self-9d4b2205ff736a0fd786f2190e96956207bdff8a1be9030fbf6c080af703dc13.js?body=1" for 127.0.0.1 at 2017-08-23 10:24:08 -0400


Started GET "/assets/application.self-3b8dabdc891efe46b9a144b400ad69e37d7e5876bdc39dee783419a69d7ca819.js?body=1" for 127.0.0.1 at 2017-08-23 10:24:08 -0400


Started POST "/lists/1/items" for 127.0.0.1 at 2017-08-23 10:24:14 -0400
Processing by ItemsController#create as JSON
  Parameters: {"utf8"=>"✓", "authenticity_token"=>"RMdwiLzEschNJvxmEA8SO+CEsed5quHblP1bKortuVjaUuk3TDbF2ncRdj9OF4thDdbOxa97r1LfiRz/pgovKg==", "item"=>{"description"=>"hmm no errors yeat"}, "list_id"=>"1"}
  [1m[36mList Load (0.2ms)[0m  [1mSELECT  "lists".* FROM "lists" WHERE "lists"."id" = ? LIMIT 1[0m  [["id", 1]]
  [1m[35m (0.1ms)[0m  begin transaction
  [1m[36mSQL (0.3ms)[0m  [1mINSERT INTO "items" ("description", "list_id", "created_at", "updated_at") VALUES (?, ?, ?, ?)[0m  [["description", "hmm no errors yeat"], ["list_id", 1], ["created_at", "2017-08-23 14:24:14.085638"], ["updated_at", "2017-08-23 14:24:14.085638"]]
  [1m[35m (11.4ms)[0m  commit transaction
Completed 200 OK in 22ms (Views: 0.7ms | ActiveRecord: 12.1ms)


Started POST "/lists/1/items" for 127.0.0.1 at 2017-08-23 10:24:22 -0400
Processing by ItemsController#create as JSON
  Parameters: {"utf8"=>"✓", "authenticity_token"=>"RMdwiLzEschNJvxmEA8SO+CEsed5quHblP1bKortuVjaUuk3TDbF2ncRdj9OF4thDdbOxa97r1LfiRz/pgovKg==", "item"=>{"description"=>"looks pretty good"}, "list_id"=>"1"}
  [1m[36mList Load (0.3ms)[0m  [1mSELECT  "lists".* FROM "lists" WHERE "lists"."id" = ? LIMIT 1[0m  [["id", 1]]
  [1m[35m (0.2ms)[0m  begin transaction
  [1m[36mSQL (0.5ms)[0m  [1mINSERT INTO "items" ("description", "list_id", "created_at", "updated_at") VALUES (?, ?, ?, ?)[0m  [["description", "looks pretty good"], ["list_id", 1], ["created_at", "2017-08-23 14:24:22.564868"], ["updated_at", "2017-08-23 14:24:22.564868"]]
  [1m[35m (6.6ms)[0m  commit transaction
Completed 200 OK in 25ms (Views: 2.1ms | ActiveRecord: 7.7ms)


Started DELETE "/lists/1/items/13" for 127.0.0.1 at 2017-08-23 10:24:26 -0400
Processing by ItemsController#destroy as JSON
  Parameters: {"authenticity_token"=>"DIDbBboU8zbaw02w7EeqrHd/hLkyiDn8pOFwCQJCYNGSFUK6SuaHJOD0x+myXzP2mi37m+RZd3XvlTfcLqX2ow==", "list_id"=>"1", "id"=>"13"}
  [1m[36mItem Load (0.4ms)[0m  [1mSELECT  "items".* FROM "items" WHERE "items"."id" = ? LIMIT 1[0m  [["id", 13]]
  [1m[35m (0.2ms)[0m  begin transaction
  [1m[36mSQL (0.4ms)[0m  [1mDELETE FROM "items" WHERE "items"."id" = ?[0m  [["id", 13]]
  [1m[35m (5.1ms)[0m  commit transaction
Completed 200 OK in 16ms (Views: 2.0ms | ActiveRecord: 6.1ms)


Started DELETE "/lists/1/items/12" for 127.0.0.1 at 2017-08-23 10:24:28 -0400
Processing by ItemsController#destroy as JSON
  Parameters: {"authenticity_token"=>"DIDbBboU8zbaw02w7EeqrHd/hLkyiDn8pOFwCQJCYNGSFUK6SuaHJOD0x+myXzP2mi37m+RZd3XvlTfcLqX2ow==", "list_id"=>"1", "id"=>"12"}
  [1m[36mItem Load (0.3ms)[0m  [1mSELECT  "items".* FROM "items" WHERE "items"."id" = ? LIMIT 1[0m  [["id", 12]]
  [1m[35m (0.2ms)[0m  begin transaction
  [1m[36mSQL (0.7ms)[0m  [1mDELETE FROM "items" WHERE "items"."id" = ?[0m  [["id", 12]]
  [1m[35m (12.1ms)[0m  commit transaction
Completed 200 OK in 46ms (Views: 1.4ms | ActiveRecord: 13.3ms)


Started DELETE "/lists/1/items/11" for 127.0.0.1 at 2017-08-23 10:24:29 -0400
Processing by ItemsController#destroy as JSON
  Parameters: {"authenticity_token"=>"RMdwiLzEschNJvxmEA8SO+CEsed5quHblP1bKortuVjaUuk3TDbF2ncRdj9OF4thDdbOxa97r1LfiRz/pgovKg==", "list_id"=>"1", "id"=>"11"}
  [1m[36mItem Load (0.4ms)[0m  [1mSELECT  "items".* FROM "items" WHERE "items"."id" = ? LIMIT 1[0m  [["id", 11]]
  [1m[35m (0.2ms)[0m  begin transaction
  [1m[36mSQL (2.5ms)[0m  [1mDELETE FROM "items" WHERE "items"."id" = ?[0m  [["id", 11]]
  [1m[35m (14.1ms)[0m  commit transaction
Completed 200 OK in 27ms (Views: 2.1ms | ActiveRecord: 17.2ms)


Started DELETE "/lists/1/items/10" for 127.0.0.1 at 2017-08-23 10:24:29 -0400
Processing by ItemsController#destroy as JSON
  Parameters: {"authenticity_token"=>"RMdwiLzEschNJvxmEA8SO+CEsed5quHblP1bKortuVjaUuk3TDbF2ncRdj9OF4thDdbOxa97r1LfiRz/pgovKg==", "list_id"=>"1", "id"=>"10"}
  [1m[36mItem Load (0.3ms)[0m  [1mSELECT  "items".* FROM "items" WHERE "items"."id" = ? LIMIT 1[0m  [["id", 10]]
  [1m[35m (0.3ms)[0m  begin transaction
  [1m[36mSQL (0.5ms)[0m  [1mDELETE FROM "items" WHERE "items"."id" = ?[0m  [["id", 10]]
  [1m[35m (12.3ms)[0m  commit transaction
Completed 200 OK in 23ms (Views: 3.1ms | ActiveRecord: 13.4ms)


Started DELETE "/lists/1/items/9" for 127.0.0.1 at 2017-08-23 10:24:30 -0400
Processing by ItemsController#destroy as JSON
  Parameters: {"authenticity_token"=>"RMdwiLzEschNJvxmEA8SO+CEsed5quHblP1bKortuVjaUuk3TDbF2ncRdj9OF4thDdbOxa97r1LfiRz/pgovKg==", "list_id"=>"1", "id"=>"9"}
  [1m[36mItem Load (0.4ms)[0m  [1mSELECT  "items".* FROM "items" WHERE "items"."id" = ? LIMIT 1[0m  [["id", 9]]
  [1m[35m (0.3ms)[0m  begin transaction
  [1m[36mSQL (0.5ms)[0m  [1mDELETE FROM "items" WHERE "items"."id" = ?[0m  [["id", 9]]
  [1m[35m (5.4ms)[0m  commit transaction
Completed 200 OK in 17ms (Views: 1.9ms | ActiveRecord: 6.7ms)


Started DELETE "/lists/1/items/8" for 127.0.0.1 at 2017-08-23 10:24:30 -0400
Processing by ItemsController#destroy as JSON
  Parameters: {"authenticity_token"=>"RMdwiLzEschNJvxmEA8SO+CEsed5quHblP1bKortuVjaUuk3TDbF2ncRdj9OF4thDdbOxa97r1LfiRz/pgovKg==", "list_id"=>"1", "id"=>"8"}
  [1m[36mItem Load (0.4ms)[0m  [1mSELECT  "items".* FROM "items" WHERE "items"."id" = ? LIMIT 1[0m  [["id", 8]]
  [1m[35m (0.2ms)[0m  begin transaction
  [1m[36mSQL (0.5ms)[0m  [1mDELETE FROM "items" WHERE "items"."id" = ?[0m  [["id", 8]]
  [1m[35m (5.5ms)[0m  commit transaction
Completed 200 OK in 16ms (Views: 2.3ms | ActiveRecord: 6.6ms)


Started DELETE "/lists/1/items/7" for 127.0.0.1 at 2017-08-23 10:24:31 -0400
Processing by ItemsController#destroy as JSON
  Parameters: {"authenticity_token"=>"RMdwiLzEschNJvxmEA8SO+CEsed5quHblP1bKortuVjaUuk3TDbF2ncRdj9OF4thDdbOxa97r1LfiRz/pgovKg==", "list_id"=>"1", "id"=>"7"}
  [1m[36mItem Load (0.3ms)[0m  [1mSELECT  "items".* FROM "items" WHERE "items"."id" = ? LIMIT 1[0m  [["id", 7]]
  [1m[35m (0.3ms)[0m  begin transaction
  [1m[36mSQL (0.4ms)[0m  [1mDELETE FROM "items" WHERE "items"."id" = ?[0m  [["id", 7]]
  [1m[35m (5.6ms)[0m  commit transaction
Completed 200 OK in 16ms (Views: 2.2ms | ActiveRecord: 6.6ms)


Started GET "/lists/1" for 127.0.0.1 at 2017-08-23 10:25:08 -0400
Processing by ListsController#show as HTML
  Parameters: {"id"=>"1"}
  [1m[36mList Load (0.4ms)[0m  [1mSELECT  "lists".* FROM "lists" WHERE "lists"."id" = ? LIMIT 1[0m  [["id", 1]]
  [1m[35mItem Load (0.2ms)[0m  SELECT "items".* FROM "items" WHERE "items"."list_id" = ?  [["list_id", 1]]
  Rendered items/_item_li.html.erb (8.0ms)
  Rendered lists/show.html.erb within layouts/application (15.7ms)
Completed 200 OK in 127ms (Views: 123.3ms | ActiveRecord: 0.6ms)


Started GET "/assets/todomvc-base.self-9eb594d8e952a551ecb29c785c324969df19668ea6e14ba69b758af79baca809.css?body=1" for 127.0.0.1 at 2017-08-23 10:25:08 -0400


Started GET "/assets/lists.self-5e64df0201ac31cda15d2138ec18719920a1502ebf642aebcddafc969bfe3284.css?body=1" for 127.0.0.1 at 2017-08-23 10:25:08 -0400


Started GET "/assets/application.self-860170c7ab1ca088027e93d68592059edd583aacf6fd47eea1c1c5332b5a9db9.css?body=1" for 127.0.0.1 at 2017-08-23 10:25:08 -0400


Started GET "/assets/jquery.self-660adc51e0224b731d29f575a6f1ec167ba08ad06ed5deca4f1e8654c135bf4c.js?body=1" for 127.0.0.1 at 2017-08-23 10:25:08 -0400


Started GET "/assets/handlebars.min.self-429e65ad851a9fba6fc733189c9d096fb8efb08804725e69c58ec9e7e995271d.js?body=1" for 127.0.0.1 at 2017-08-23 10:25:08 -0400


Started GET "/assets/jquery_ujs.self-e87806d0cf4489aeb1bb7288016024e8de67fd18db693fe026fe3907581e53cd.js?body=1" for 127.0.0.1 at 2017-08-23 10:25:08 -0400


Started GET "/assets/items.self-e49eb7df9d2806d91b2083bdb4c532e95644beaba14a957f41c242a8e560ee84.js?body=1" for 127.0.0.1 at 2017-08-23 10:25:08 -0400


Started GET "/assets/lists.self-9d4b2205ff736a0fd786f2190e96956207bdff8a1be9030fbf6c080af703dc13.js?body=1" for 127.0.0.1 at 2017-08-23 10:25:08 -0400


Started GET "/assets/application.self-3b8dabdc891efe46b9a144b400ad69e37d7e5876bdc39dee783419a69d7ca819.js?body=1" for 127.0.0.1 at 2017-08-23 10:25:08 -0400


Started POST "/lists/1/items" for 127.0.0.1 at 2017-08-23 10:25:17 -0400
Processing by ItemsController#create as JSON
  Parameters: {"utf8"=>"✓", "authenticity_token"=>"Cf8Pif9pITAaYxGL3tg78Y2Ahe8Vi3Hse1Fo6WJ2CjCXapY2D5tVIiBUm9KAwKKrYNL6zcNaP2UwJS88TpGcQg==", "item"=>{"description"=>"for some reason this is no go?"}, "list_id"=>"1"}
  [1m[36mList Load (1.5ms)[0m  [1mSELECT  "lists".* FROM "lists" WHERE "lists"."id" = ? LIMIT 1[0m  [["id", 1]]
  [1m[35m (0.3ms)[0m  begin transaction
  [1m[36mSQL (0.8ms)[0m  [1mINSERT INTO "items" ("description", "list_id", "created_at", "updated_at") VALUES (?, ?, ?, ?)[0m  [["description", "for some reason this is no go?"], ["list_id", 1], ["created_at", "2017-08-23 14:25:17.093933"], ["updated_at", "2017-08-23 14:25:17.093933"]]
  [1m[35m (11.2ms)[0m  commit transaction
Completed 200 OK in 32ms (Views: 2.2ms | ActiveRecord: 13.8ms)


Started GET "/lists/1" for 127.0.0.1 at 2017-08-23 10:25:33 -0400
Processing by ListsController#show as HTML
  Parameters: {"id"=>"1"}
  [1m[36mList Load (0.4ms)[0m  [1mSELECT  "lists".* FROM "lists" WHERE "lists"."id" = ? LIMIT 1[0m  [["id", 1]]
  [1m[35mItem Load (0.4ms)[0m  SELECT "items".* FROM "items" WHERE "items"."list_id" = ?  [["list_id", 1]]
  Rendered items/_item_li.html.erb (17.4ms)
  Rendered lists/show.html.erb within layouts/application (28.7ms)
Completed 200 OK in 159ms (Views: 154.0ms | ActiveRecord: 0.8ms)


Started GET "/assets/todomvc-base.self-9eb594d8e952a551ecb29c785c324969df19668ea6e14ba69b758af79baca809.css?body=1" for 127.0.0.1 at 2017-08-23 10:25:33 -0400


Started GET "/assets/application.self-860170c7ab1ca088027e93d68592059edd583aacf6fd47eea1c1c5332b5a9db9.css?body=1" for 127.0.0.1 at 2017-08-23 10:25:33 -0400


Started GET "/assets/lists.self-5e64df0201ac31cda15d2138ec18719920a1502ebf642aebcddafc969bfe3284.css?body=1" for 127.0.0.1 at 2017-08-23 10:25:33 -0400


Started GET "/assets/handlebars.min.self-429e65ad851a9fba6fc733189c9d096fb8efb08804725e69c58ec9e7e995271d.js?body=1" for 127.0.0.1 at 2017-08-23 10:25:33 -0400


Started GET "/assets/jquery_ujs.self-e87806d0cf4489aeb1bb7288016024e8de67fd18db693fe026fe3907581e53cd.js?body=1" for 127.0.0.1 at 2017-08-23 10:25:33 -0400


Started GET "/assets/jquery.self-660adc51e0224b731d29f575a6f1ec167ba08ad06ed5deca4f1e8654c135bf4c.js?body=1" for 127.0.0.1 at 2017-08-23 10:25:33 -0400


Started GET "/assets/items.self-c73956931711ce60fa5710689070e1b3346393e2ee1156f9b303edee1b0103c3.js?body=1" for 127.0.0.1 at 2017-08-23 10:25:33 -0400


Started GET "/assets/lists.self-9d4b2205ff736a0fd786f2190e96956207bdff8a1be9030fbf6c080af703dc13.js?body=1" for 127.0.0.1 at 2017-08-23 10:25:33 -0400


Started GET "/assets/application.self-3b8dabdc891efe46b9a144b400ad69e37d7e5876bdc39dee783419a69d7ca819.js?body=1" for 127.0.0.1 at 2017-08-23 10:25:33 -0400


Started POST "/lists/1/items" for 127.0.0.1 at 2017-08-23 10:25:37 -0400
Processing by ItemsController#create as JSON
  Parameters: {"utf8"=>"✓", "authenticity_token"=>"UQwZHQHwmHTE77bQe96EH5IE4rM/utEbhpIdLZ5zk2PPmYCi8QLsZv7YPIklxh1Ff1adkelrn5LN5lr4spQFEQ==", "item"=>{"description"=>"did we arrive?"}, "list_id"=>"1"}
  [1m[36mList Load (0.3ms)[0m  [1mSELECT  "lists".* FROM "lists" WHERE "lists"."id" = ? LIMIT 1[0m  [["id", 1]]
  [1m[35m (0.3ms)[0m  begin transaction
  [1m[36mSQL (0.6ms)[0m  [1mINSERT INTO "items" ("description", "list_id", "created_at", "updated_at") VALUES (?, ?, ?, ?)[0m  [["description", "did we arrive?"], ["list_id", 1], ["created_at", "2017-08-23 14:25:37.940817"], ["updated_at", "2017-08-23 14:25:37.940817"]]
  [1m[35m (6.0ms)[0m  commit transaction
Completed 200 OK in 24ms (Views: 2.7ms | ActiveRecord: 7.3ms)


Started GET "/lists/1" for 127.0.0.1 at 2017-08-23 10:25:42 -0400
Processing by ListsController#show as HTML
  Parameters: {"id"=>"1"}
  [1m[36mList Load (1.2ms)[0m  [1mSELECT  "lists".* FROM "lists" WHERE "lists"."id" = ? LIMIT 1[0m  [["id", 1]]
  [1m[35mItem Load (0.6ms)[0m  SELECT "items".* FROM "items" WHERE "items"."list_id" = ?  [["list_id", 1]]
  Rendered items/_item_li.html.erb (37.7ms)
  Rendered lists/show.html.erb within layouts/application (53.7ms)
Completed 200 OK in 88ms (Views: 81.0ms | ActiveRecord: 1.8ms)


Started GET "/assets/todomvc-base.self-9eb594d8e952a551ecb29c785c324969df19668ea6e14ba69b758af79baca809.css?body=1" for 127.0.0.1 at 2017-08-23 10:25:42 -0400


Started GET "/assets/application.self-860170c7ab1ca088027e93d68592059edd583aacf6fd47eea1c1c5332b5a9db9.css?body=1" for 127.0.0.1 at 2017-08-23 10:25:42 -0400


Started GET "/assets/handlebars.min.self-429e65ad851a9fba6fc733189c9d096fb8efb08804725e69c58ec9e7e995271d.js?body=1" for 127.0.0.1 at 2017-08-23 10:25:42 -0400


Started GET "/assets/jquery.self-660adc51e0224b731d29f575a6f1ec167ba08ad06ed5deca4f1e8654c135bf4c.js?body=1" for 127.0.0.1 at 2017-08-23 10:25:42 -0400


Started GET "/assets/jquery_ujs.self-e87806d0cf4489aeb1bb7288016024e8de67fd18db693fe026fe3907581e53cd.js?body=1" for 127.0.0.1 at 2017-08-23 10:25:42 -0400


Started GET "/assets/lists.self-5e64df0201ac31cda15d2138ec18719920a1502ebf642aebcddafc969bfe3284.css?body=1" for 127.0.0.1 at 2017-08-23 10:25:42 -0400


Started GET "/assets/items.self-c73956931711ce60fa5710689070e1b3346393e2ee1156f9b303edee1b0103c3.js?body=1" for 127.0.0.1 at 2017-08-23 10:25:42 -0400


Started GET "/assets/lists.self-9d4b2205ff736a0fd786f2190e96956207bdff8a1be9030fbf6c080af703dc13.js?body=1" for 127.0.0.1 at 2017-08-23 10:25:42 -0400


Started GET "/assets/application.self-3b8dabdc891efe46b9a144b400ad69e37d7e5876bdc39dee783419a69d7ca819.js?body=1" for 127.0.0.1 at 2017-08-23 10:25:42 -0400


Started GET "/lists/1" for 127.0.0.1 at 2017-08-23 10:26:04 -0400
Processing by ListsController#show as HTML
  Parameters: {"id"=>"1"}
  [1m[36mList Load (0.1ms)[0m  [1mSELECT  "lists".* FROM "lists" WHERE "lists"."id" = ? LIMIT 1[0m  [["id", 1]]
  [1m[35mItem Load (0.2ms)[0m  SELECT "items".* FROM "items" WHERE "items"."list_id" = ?  [["list_id", 1]]
  Rendered items/_item_li.html.erb (12.4ms)
  Rendered lists/show.html.erb within layouts/application (18.4ms)
Completed 200 OK in 115ms (Views: 113.2ms | ActiveRecord: 0.3ms)


Started GET "/assets/todomvc-base.self-9eb594d8e952a551ecb29c785c324969df19668ea6e14ba69b758af79baca809.css?body=1" for 127.0.0.1 at 2017-08-23 10:26:04 -0400


Started GET "/assets/lists.self-5e64df0201ac31cda15d2138ec18719920a1502ebf642aebcddafc969bfe3284.css?body=1" for 127.0.0.1 at 2017-08-23 10:26:04 -0400


Started GET "/assets/application.self-860170c7ab1ca088027e93d68592059edd583aacf6fd47eea1c1c5332b5a9db9.css?body=1" for 127.0.0.1 at 2017-08-23 10:26:04 -0400


Started GET "/assets/jquery_ujs.self-e87806d0cf4489aeb1bb7288016024e8de67fd18db693fe026fe3907581e53cd.js?body=1" for 127.0.0.1 at 2017-08-23 10:26:04 -0400


Started GET "/assets/jquery.self-660adc51e0224b731d29f575a6f1ec167ba08ad06ed5deca4f1e8654c135bf4c.js?body=1" for 127.0.0.1 at 2017-08-23 10:26:04 -0400


Started GET "/assets/handlebars.min.self-429e65ad851a9fba6fc733189c9d096fb8efb08804725e69c58ec9e7e995271d.js?body=1" for 127.0.0.1 at 2017-08-23 10:26:04 -0400


Started GET "/assets/items.self-5aa6b3c75b23cb12c6db7a134a36a5d4db4811dba6ee1634288c0e4d16f77388.js?body=1" for 127.0.0.1 at 2017-08-23 10:26:04 -0400


Started GET "/assets/lists.self-9d4b2205ff736a0fd786f2190e96956207bdff8a1be9030fbf6c080af703dc13.js?body=1" for 127.0.0.1 at 2017-08-23 10:26:04 -0400


Started GET "/assets/application.self-3b8dabdc891efe46b9a144b400ad69e37d7e5876bdc39dee783419a69d7ca819.js?body=1" for 127.0.0.1 at 2017-08-23 10:26:04 -0400


Started POST "/lists/1/items" for 127.0.0.1 at 2017-08-23 10:26:08 -0400
Processing by ItemsController#create as JSON
  Parameters: {"utf8"=>"✓", "authenticity_token"=>"A9Q1q8SMzNQ0OmkXD0IUXBsS0vRO4pG/50+fsNlpRxidQawUNH64xg4N405RWo0G9kCt1pgz3zasO9hl9Y7Rag==", "item"=>{"description"=>"maybe invoke?"}, "list_id"=>"1"}
  [1m[36mList Load (0.3ms)[0m  [1mSELECT  "lists".* FROM "lists" WHERE "lists"."id" = ? LIMIT 1[0m  [["id", 1]]
  [1m[35m (0.3ms)[0m  begin transaction
  [1m[36mSQL (0.7ms)[0m  [1mINSERT INTO "items" ("description", "list_id", "created_at", "updated_at") VALUES (?, ?, ?, ?)[0m  [["description", "maybe invoke?"], ["list_id", 1], ["created_at", "2017-08-23 14:26:08.693872"], ["updated_at", "2017-08-23 14:26:08.693872"]]
  [1m[35m (10.6ms)[0m  commit transaction
Completed 200 OK in 28ms (Views: 1.6ms | ActiveRecord: 12.0ms)


Started GET "/lists/1" for 127.0.0.1 at 2017-08-23 10:26:23 -0400
Processing by ListsController#show as HTML
  Parameters: {"id"=>"1"}
  [1m[36mList Load (0.5ms)[0m  [1mSELECT  "lists".* FROM "lists" WHERE "lists"."id" = ? LIMIT 1[0m  [["id", 1]]
  [1m[35mItem Load (0.6ms)[0m  SELECT "items".* FROM "items" WHERE "items"."list_id" = ?  [["list_id", 1]]
  Rendered items/_item_li.html.erb (29.0ms)
  Rendered lists/show.html.erb within layouts/application (44.8ms)
Completed 200 OK in 193ms (Views: 186.3ms | ActiveRecord: 1.1ms)


Started GET "/assets/lists.self-5e64df0201ac31cda15d2138ec18719920a1502ebf642aebcddafc969bfe3284.css?body=1" for 127.0.0.1 at 2017-08-23 10:26:23 -0400


Started GET "/assets/todomvc-base.self-9eb594d8e952a551ecb29c785c324969df19668ea6e14ba69b758af79baca809.css?body=1" for 127.0.0.1 at 2017-08-23 10:26:23 -0400


Started GET "/assets/application.self-860170c7ab1ca088027e93d68592059edd583aacf6fd47eea1c1c5332b5a9db9.css?body=1" for 127.0.0.1 at 2017-08-23 10:26:23 -0400


Started GET "/assets/jquery.self-660adc51e0224b731d29f575a6f1ec167ba08ad06ed5deca4f1e8654c135bf4c.js?body=1" for 127.0.0.1 at 2017-08-23 10:26:23 -0400


Started GET "/assets/jquery_ujs.self-e87806d0cf4489aeb1bb7288016024e8de67fd18db693fe026fe3907581e53cd.js?body=1" for 127.0.0.1 at 2017-08-23 10:26:23 -0400


Started GET "/assets/handlebars.min.self-429e65ad851a9fba6fc733189c9d096fb8efb08804725e69c58ec9e7e995271d.js?body=1" for 127.0.0.1 at 2017-08-23 10:26:23 -0400


Started GET "/assets/items.self-06ee87e0caeefed1509b82c6a425173acb36f52c2941704f7e1d6344f0536650.js?body=1" for 127.0.0.1 at 2017-08-23 10:26:23 -0400


Started GET "/assets/lists.self-9d4b2205ff736a0fd786f2190e96956207bdff8a1be9030fbf6c080af703dc13.js?body=1" for 127.0.0.1 at 2017-08-23 10:26:23 -0400


Started GET "/assets/application.self-3b8dabdc891efe46b9a144b400ad69e37d7e5876bdc39dee783419a69d7ca819.js?body=1" for 127.0.0.1 at 2017-08-23 10:26:23 -0400


Started POST "/lists/1/items" for 127.0.0.1 at 2017-08-23 10:26:30 -0400
Processing by ItemsController#create as JSON
  Parameters: {"utf8"=>"✓", "authenticity_token"=>"9va+A0O+gqVySCGnmKPIWYDLP9H73HRBI0w8AYO0O1RoYye8s0z2t0h/q/7Gu1EDbZlA8y0NOshoOHvUr1OtJg==", "item"=>{"description"=>"tray againnn"}, "list_id"=>"1"}
  [1m[36mList Load (0.3ms)[0m  [1mSELECT  "lists".* FROM "lists" WHERE "lists"."id" = ? LIMIT 1[0m  [["id", 1]]
  [1m[35m (0.3ms)[0m  begin transaction
  [1m[36mSQL (0.6ms)[0m  [1mINSERT INTO "items" ("description", "list_id", "created_at", "updated_at") VALUES (?, ?, ?, ?)[0m  [["description", "tray againnn"], ["list_id", 1], ["created_at", "2017-08-23 14:26:30.557044"], ["updated_at", "2017-08-23 14:26:30.557044"]]
  [1m[35m (5.8ms)[0m  commit transaction
Completed 200 OK in 21ms (Views: 1.6ms | ActiveRecord: 6.9ms)


Started DELETE "/lists/1/items/17" for 127.0.0.1 at 2017-08-23 10:26:41 -0400
Processing by ItemsController#destroy as JSON
  Parameters: {"authenticity_token"=>"pSMfOVT86SFOmz/EggtXNzjNqwY93FHmL5NwIH0IY+87toaGpA6dM3SstZ3cE85t1Z/UJOsNH29k5zf1Ue/1nQ==", "list_id"=>"1", "id"=>"17"}
  [1m[36mItem Load (0.3ms)[0m  [1mSELECT  "items".* FROM "items" WHERE "items"."id" = ? LIMIT 1[0m  [["id", 17]]
  [1m[35m (0.3ms)[0m  begin transaction
  [1m[36mSQL (0.4ms)[0m  [1mDELETE FROM "items" WHERE "items"."id" = ?[0m  [["id", 17]]
  [1m[35m (6.2ms)[0m  commit transaction
Completed 200 OK in 15ms (Views: 1.8ms | ActiveRecord: 7.3ms)


Started DELETE "/lists/1/items/16" for 127.0.0.1 at 2017-08-23 10:26:42 -0400
Processing by ItemsController#destroy as JSON
  Parameters: {"authenticity_token"=>"9va+A0O+gqVySCGnmKPIWYDLP9H73HRBI0w8AYO0O1RoYye8s0z2t0h/q/7Gu1EDbZlA8y0NOshoOHvUr1OtJg==", "list_id"=>"1", "id"=>"16"}
  [1m[36mItem Load (0.3ms)[0m  [1mSELECT  "items".* FROM "items" WHERE "items"."id" = ? LIMIT 1[0m  [["id", 16]]
  [1m[35m (0.2ms)[0m  begin transaction
  [1m[36mSQL (0.5ms)[0m  [1mDELETE FROM "items" WHERE "items"."id" = ?[0m  [["id", 16]]
  [1m[35m (5.8ms)[0m  commit transaction
Completed 200 OK in 16ms (Views: 1.7ms | ActiveRecord: 6.9ms)


Started DELETE "/lists/1/items/15" for 127.0.0.1 at 2017-08-23 10:26:42 -0400
Processing by ItemsController#destroy as JSON
  Parameters: {"authenticity_token"=>"9va+A0O+gqVySCGnmKPIWYDLP9H73HRBI0w8AYO0O1RoYye8s0z2t0h/q/7Gu1EDbZlA8y0NOshoOHvUr1OtJg==", "list_id"=>"1", "id"=>"15"}
  [1m[36mItem Load (0.3ms)[0m  [1mSELECT  "items".* FROM "items" WHERE "items"."id" = ? LIMIT 1[0m  [["id", 15]]
  [1m[35m (0.1ms)[0m  begin transaction
  [1m[36mSQL (0.2ms)[0m  [1mDELETE FROM "items" WHERE "items"."id" = ?[0m  [["id", 15]]
  [1m[35m (10.7ms)[0m  commit transaction
Completed 200 OK in 16ms (Views: 0.8ms | ActiveRecord: 11.4ms)


Started DELETE "/lists/1/items/14" for 127.0.0.1 at 2017-08-23 10:26:42 -0400
Processing by ItemsController#destroy as JSON
  Parameters: {"authenticity_token"=>"9va+A0O+gqVySCGnmKPIWYDLP9H73HRBI0w8AYO0O1RoYye8s0z2t0h/q/7Gu1EDbZlA8y0NOshoOHvUr1OtJg==", "list_id"=>"1", "id"=>"14"}
  [1m[36mItem Load (0.2ms)[0m  [1mSELECT  "items".* FROM "items" WHERE "items"."id" = ? LIMIT 1[0m  [["id", 14]]
  [1m[35m (0.1ms)[0m  begin transaction
  [1m[36mSQL (0.2ms)[0m  [1mDELETE FROM "items" WHERE "items"."id" = ?[0m  [["id", 14]]
  [1m[35m (7.2ms)[0m  commit transaction
Completed 200 OK in 14ms (Views: 1.4ms | ActiveRecord: 7.8ms)


Started DELETE "/lists/1/items/6" for 127.0.0.1 at 2017-08-23 10:26:43 -0400
Processing by ItemsController#destroy as JSON
  Parameters: {"authenticity_token"=>"9va+A0O+gqVySCGnmKPIWYDLP9H73HRBI0w8AYO0O1RoYye8s0z2t0h/q/7Gu1EDbZlA8y0NOshoOHvUr1OtJg==", "list_id"=>"1", "id"=>"6"}
  [1m[36mItem Load (0.3ms)[0m  [1mSELECT  "items".* FROM "items" WHERE "items"."id" = ? LIMIT 1[0m  [["id", 6]]
  [1m[35m (0.1ms)[0m  begin transaction
  [1m[36mSQL (0.2ms)[0m  [1mDELETE FROM "items" WHERE "items"."id" = ?[0m  [["id", 6]]
  [1m[35m (4.8ms)[0m  commit transaction
Completed 200 OK in 9ms (Views: 0.5ms | ActiveRecord: 5.4ms)


Started DELETE "/lists/1/items/5" for 127.0.0.1 at 2017-08-23 10:26:43 -0400
Processing by ItemsController#destroy as JSON
  Parameters: {"authenticity_token"=>"9va+A0O+gqVySCGnmKPIWYDLP9H73HRBI0w8AYO0O1RoYye8s0z2t0h/q/7Gu1EDbZlA8y0NOshoOHvUr1OtJg==", "list_id"=>"1", "id"=>"5"}
  [1m[36mItem Load (0.4ms)[0m  [1mSELECT  "items".* FROM "items" WHERE "items"."id" = ? LIMIT 1[0m  [["id", 5]]
  [1m[35m (0.2ms)[0m  begin transaction
  [1m[36mSQL (0.2ms)[0m  [1mDELETE FROM "items" WHERE "items"."id" = ?[0m  [["id", 5]]
  [1m[35m (4.9ms)[0m  commit transaction
Completed 200 OK in 11ms (Views: 1.4ms | ActiveRecord: 5.6ms)


Started DELETE "/lists/1/items/4" for 127.0.0.1 at 2017-08-23 10:26:43 -0400
Processing by ItemsController#destroy as JSON
  Parameters: {"authenticity_token"=>"9va+A0O+gqVySCGnmKPIWYDLP9H73HRBI0w8AYO0O1RoYye8s0z2t0h/q/7Gu1EDbZlA8y0NOshoOHvUr1OtJg==", "list_id"=>"1", "id"=>"4"}
  [1m[36mItem Load (0.7ms)[0m  [1mSELECT  "items".* FROM "items" WHERE "items"."id" = ? LIMIT 1[0m  [["id", 4]]
  [1m[35m (0.3ms)[0m  begin transaction
  [1m[36mSQL (0.4ms)[0m  [1mDELETE FROM "items" WHERE "items"."id" = ?[0m  [["id", 4]]
  [1m[35m (8.2ms)[0m  commit transaction
Completed 200 OK in 16ms (Views: 0.8ms | ActiveRecord: 9.7ms)


Started DELETE "/lists/1/items/2" for 127.0.0.1 at 2017-08-23 10:26:44 -0400
Processing by ItemsController#destroy as JSON
  Parameters: {"authenticity_token"=>"9va+A0O+gqVySCGnmKPIWYDLP9H73HRBI0w8AYO0O1RoYye8s0z2t0h/q/7Gu1EDbZlA8y0NOshoOHvUr1OtJg==", "list_id"=>"1", "id"=>"2"}
  [1m[36mItem Load (0.3ms)[0m  [1mSELECT  "items".* FROM "items" WHERE "items"."id" = ? LIMIT 1[0m  [["id", 2]]
  [1m[35m (0.2ms)[0m  begin transaction
  [1m[36mSQL (0.4ms)[0m  [1mDELETE FROM "items" WHERE "items"."id" = ?[0m  [["id", 2]]
  [1m[35m (11.2ms)[0m  commit transaction
Completed 200 OK in 20ms (Views: 2.4ms | ActiveRecord: 12.1ms)


Started POST "/lists/1/items" for 127.0.0.1 at 2017-08-23 10:26:46 -0400
Processing by ItemsController#create as JSON
  Parameters: {"utf8"=>"✓", "authenticity_token"=>"9va+A0O+gqVySCGnmKPIWYDLP9H73HRBI0w8AYO0O1RoYye8s0z2t0h/q/7Gu1EDbZlA8y0NOshoOHvUr1OtJg==", "item"=>{"description"=>"tray againnny"}, "list_id"=>"1"}
  [1m[36mList Load (0.3ms)[0m  [1mSELECT  "lists".* FROM "lists" WHERE "lists"."id" = ? LIMIT 1[0m  [["id", 1]]
  [1m[35m (0.3ms)[0m  begin transaction
  [1m[36mSQL (0.5ms)[0m  [1mINSERT INTO "items" ("description", "list_id", "created_at", "updated_at") VALUES (?, ?, ?, ?)[0m  [["description", "tray againnny"], ["list_id", 1], ["created_at", "2017-08-23 14:26:46.608680"], ["updated_at", "2017-08-23 14:26:46.608680"]]
  [1m[35m (6.4ms)[0m  commit transaction
Completed 200 OK in 22ms (Views: 1.2ms | ActiveRecord: 7.5ms)


Started GET "/lists/1" for 127.0.0.1 at 2017-08-23 10:27:07 -0400
Processing by ListsController#show as HTML
  Parameters: {"id"=>"1"}
  [1m[36mList Load (1.1ms)[0m  [1mSELECT  "lists".* FROM "lists" WHERE "lists"."id" = ? LIMIT 1[0m  [["id", 1]]
  [1m[35mItem Load (0.5ms)[0m  SELECT "items".* FROM "items" WHERE "items"."list_id" = ?  [["list_id", 1]]
  Rendered items/_item_li.html.erb (5.3ms)
  Rendered lists/show.html.erb within layouts/application (20.0ms)
Completed 200 OK in 161ms (Views: 153.1ms | ActiveRecord: 1.6ms)


Started GET "/assets/todomvc-base.self-9eb594d8e952a551ecb29c785c324969df19668ea6e14ba69b758af79baca809.css?body=1" for 127.0.0.1 at 2017-08-23 10:27:08 -0400


Started GET "/assets/lists.self-5e64df0201ac31cda15d2138ec18719920a1502ebf642aebcddafc969bfe3284.css?body=1" for 127.0.0.1 at 2017-08-23 10:27:08 -0400


Started GET "/assets/jquery_ujs.self-e87806d0cf4489aeb1bb7288016024e8de67fd18db693fe026fe3907581e53cd.js?body=1" for 127.0.0.1 at 2017-08-23 10:27:08 -0400


Started GET "/assets/handlebars.min.self-429e65ad851a9fba6fc733189c9d096fb8efb08804725e69c58ec9e7e995271d.js?body=1" for 127.0.0.1 at 2017-08-23 10:27:08 -0400


Started GET "/assets/jquery.self-660adc51e0224b731d29f575a6f1ec167ba08ad06ed5deca4f1e8654c135bf4c.js?body=1" for 127.0.0.1 at 2017-08-23 10:27:08 -0400


Started GET "/assets/application.self-860170c7ab1ca088027e93d68592059edd583aacf6fd47eea1c1c5332b5a9db9.css?body=1" for 127.0.0.1 at 2017-08-23 10:27:08 -0400


Started GET "/assets/items.self-e7d6932c20f87f4d805b0666b9bb7b06b66d7738140e5120011e3f041a0097b3.js?body=1" for 127.0.0.1 at 2017-08-23 10:27:08 -0400


Started GET "/assets/lists.self-9d4b2205ff736a0fd786f2190e96956207bdff8a1be9030fbf6c080af703dc13.js?body=1" for 127.0.0.1 at 2017-08-23 10:27:08 -0400


Started GET "/assets/application.self-3b8dabdc891efe46b9a144b400ad69e37d7e5876bdc39dee783419a69d7ca819.js?body=1" for 127.0.0.1 at 2017-08-23 10:27:08 -0400


Started POST "/lists/1/items" for 127.0.0.1 at 2017-08-23 10:27:11 -0400
Processing by ItemsController#create as JSON
  Parameters: {"utf8"=>"✓", "authenticity_token"=>"umseroMiHtnqcLdU0uF29Vjapv86IdCnFoYyy4o8iYUk/ocRc9Bqy9BHPQ2M+e+vtYjZ3ezwni5d8nUeptsf9w==", "item"=>{"description"=>"well I think we did it"}, "list_id"=>"1"}
  [1m[36mList Load (0.4ms)[0m  [1mSELECT  "lists".* FROM "lists" WHERE "lists"."id" = ? LIMIT 1[0m  [["id", 1]]
  [1m[35m (0.3ms)[0m  begin transaction
  [1m[36mSQL (0.6ms)[0m  [1mINSERT INTO "items" ("description", "list_id", "created_at", "updated_at") VALUES (?, ?, ?, ?)[0m  [["description", "well I think we did it"], ["list_id", 1], ["created_at", "2017-08-23 14:27:11.863002"], ["updated_at", "2017-08-23 14:27:11.863002"]]
  [1m[35m (5.7ms)[0m  commit transaction
Completed 200 OK in 22ms (Views: 1.7ms | ActiveRecord: 6.9ms)


Started GET "/lists/1" for 127.0.0.1 at 2017-08-23 10:27:20 -0400
Processing by ListsController#show as HTML
  Parameters: {"id"=>"1"}
  [1m[36mList Load (0.9ms)[0m  [1mSELECT  "lists".* FROM "lists" WHERE "lists"."id" = ? LIMIT 1[0m  [["id", 1]]
  [1m[35mItem Load (0.5ms)[0m  SELECT "items".* FROM "items" WHERE "items"."list_id" = ?  [["list_id", 1]]
  Rendered items/_item_li.html.erb (6.3ms)
  Rendered lists/show.html.erb within layouts/application (23.6ms)
Completed 200 OK in 153ms (Views: 146.3ms | ActiveRecord: 1.4ms)


Started GET "/assets/lists.self-5e64df0201ac31cda15d2138ec18719920a1502ebf642aebcddafc969bfe3284.css?body=1" for 127.0.0.1 at 2017-08-23 10:27:20 -0400


Started GET "/assets/application.self-860170c7ab1ca088027e93d68592059edd583aacf6fd47eea1c1c5332b5a9db9.css?body=1" for 127.0.0.1 at 2017-08-23 10:27:20 -0400


Started GET "/assets/handlebars.min.self-429e65ad851a9fba6fc733189c9d096fb8efb08804725e69c58ec9e7e995271d.js?body=1" for 127.0.0.1 at 2017-08-23 10:27:20 -0400


Started GET "/assets/jquery_ujs.self-e87806d0cf4489aeb1bb7288016024e8de67fd18db693fe026fe3907581e53cd.js?body=1" for 127.0.0.1 at 2017-08-23 10:27:20 -0400


Started GET "/assets/jquery.self-660adc51e0224b731d29f575a6f1ec167ba08ad06ed5deca4f1e8654c135bf4c.js?body=1" for 127.0.0.1 at 2017-08-23 10:27:20 -0400


Started GET "/assets/todomvc-base.self-9eb594d8e952a551ecb29c785c324969df19668ea6e14ba69b758af79baca809.css?body=1" for 127.0.0.1 at 2017-08-23 10:27:20 -0400


Started GET "/assets/items.self-d2d3160af9566e160502fd7903772638aaae3244297882348014b4a0b56e05c8.js?body=1" for 127.0.0.1 at 2017-08-23 10:27:20 -0400


Started GET "/assets/lists.self-9d4b2205ff736a0fd786f2190e96956207bdff8a1be9030fbf6c080af703dc13.js?body=1" for 127.0.0.1 at 2017-08-23 10:27:20 -0400


Started GET "/assets/application.self-3b8dabdc891efe46b9a144b400ad69e37d7e5876bdc39dee783419a69d7ca819.js?body=1" for 127.0.0.1 at 2017-08-23 10:27:20 -0400


Started POST "/lists/1/items" for 127.0.0.1 at 2017-08-23 10:27:28 -0400
Processing by ItemsController#create as JSON
  Parameters: {"utf8"=>"✓", "authenticity_token"=>"F6XbMub3T/7XbVPMjBAZKEnNHkf5Ll+OUVMt/oShzyiJMEKNFgU77O1a2ZXSCIBypJ9hZS//EQcaJ2orqEZZWg==", "item"=>{"description"=>"and now no debugger"}, "list_id"=>"1"}
  [1m[36mList Load (0.3ms)[0m  [1mSELECT  "lists".* FROM "lists" WHERE "lists"."id" = ? LIMIT 1[0m  [["id", 1]]
  [1m[35m (0.2ms)[0m  begin transaction
  [1m[36mSQL (0.5ms)[0m  [1mINSERT INTO "items" ("description", "list_id", "created_at", "updated_at") VALUES (?, ?, ?, ?)[0m  [["description", "and now no debugger"], ["list_id", 1], ["created_at", "2017-08-23 14:27:28.834147"], ["updated_at", "2017-08-23 14:27:28.834147"]]
  [1m[35m (11.5ms)[0m  commit transaction
Completed 200 OK in 26ms (Views: 1.3ms | ActiveRecord: 12.6ms)


Started GET "/lists/1" for 127.0.0.1 at 2017-08-23 10:27:31 -0400
Processing by ListsController#show as HTML
  Parameters: {"id"=>"1"}
  [1m[36mList Load (0.4ms)[0m  [1mSELECT  "lists".* FROM "lists" WHERE "lists"."id" = ? LIMIT 1[0m  [["id", 1]]
  [1m[35mItem Load (0.4ms)[0m  SELECT "items".* FROM "items" WHERE "items"."list_id" = ?  [["list_id", 1]]
  Rendered items/_item_li.html.erb (6.1ms)
  Rendered lists/show.html.erb within layouts/application (14.9ms)
Completed 200 OK in 59ms (Views: 54.2ms | ActiveRecord: 0.7ms)


Started GET "/assets/todomvc-base.self-9eb594d8e952a551ecb29c785c324969df19668ea6e14ba69b758af79baca809.css?body=1" for 127.0.0.1 at 2017-08-23 10:27:31 -0400


Started GET "/assets/lists.self-5e64df0201ac31cda15d2138ec18719920a1502ebf642aebcddafc969bfe3284.css?body=1" for 127.0.0.1 at 2017-08-23 10:27:31 -0400


Started GET "/assets/application.self-860170c7ab1ca088027e93d68592059edd583aacf6fd47eea1c1c5332b5a9db9.css?body=1" for 127.0.0.1 at 2017-08-23 10:27:31 -0400


Started GET "/assets/handlebars.min.self-429e65ad851a9fba6fc733189c9d096fb8efb08804725e69c58ec9e7e995271d.js?body=1" for 127.0.0.1 at 2017-08-23 10:27:31 -0400


Started GET "/assets/jquery.self-660adc51e0224b731d29f575a6f1ec167ba08ad06ed5deca4f1e8654c135bf4c.js?body=1" for 127.0.0.1 at 2017-08-23 10:27:31 -0400


Started GET "/assets/jquery_ujs.self-e87806d0cf4489aeb1bb7288016024e8de67fd18db693fe026fe3907581e53cd.js?body=1" for 127.0.0.1 at 2017-08-23 10:27:31 -0400


Started GET "/assets/items.self-d2d3160af9566e160502fd7903772638aaae3244297882348014b4a0b56e05c8.js?body=1" for 127.0.0.1 at 2017-08-23 10:27:31 -0400


Started GET "/assets/application.self-3b8dabdc891efe46b9a144b400ad69e37d7e5876bdc39dee783419a69d7ca819.js?body=1" for 127.0.0.1 at 2017-08-23 10:27:31 -0400


Started GET "/assets/lists.self-9d4b2205ff736a0fd786f2190e96956207bdff8a1be9030fbf6c080af703dc13.js?body=1" for 127.0.0.1 at 2017-08-23 10:27:31 -0400


Started DELETE "/lists/1/items/19" for 127.0.0.1 at 2017-08-23 10:27:37 -0400
Processing by ItemsController#destroy as JSON
  Parameters: {"authenticity_token"=>"htkHwzQKgfii2JOsIaMDMajdFRqq2m4QmnpmnCgPD3oYTJ58xPj16pjvGfV/u5prRY9qOHwLIJnRDiFJBOiZCA==", "list_id"=>"1", "id"=>"19"}
  [1m[36mItem Load (0.3ms)[0m  [1mSELECT  "items".* FROM "items" WHERE "items"."id" = ? LIMIT 1[0m  [["id", 19]]
  [1m[35m (0.2ms)[0m  begin transaction
  [1m[36mSQL (0.4ms)[0m  [1mDELETE FROM "items" WHERE "items"."id" = ?[0m  [["id", 19]]
  [1m[35m (5.7ms)[0m  commit transaction
Completed 200 OK in 17ms (Views: 3.1ms | ActiveRecord: 6.7ms)
